<?xml version="1.0" encoding="UTF-8"?>
<!-- Generated by org.testng.reporters.JUnitXMLReporter -->
<testsuite hostname="Lenovo-PC" ignored="0" name="Command line test" tests="6" failures="0" timestamp="04 Feb 2020 10:16:19 GMT" time="0.375" errors="0">
  <testcase name="IOSApps" time="0.075" classname="qaclickacademy.AppiumTest"/>
  <testcase name="NativeAPpAndroid" time="0.0" classname="qaclickacademy.AppiumTest"/>
  <testcase name="deleteTwitter" time="0.015" classname="qaclickacademy.RESTAPITest"/>
  <testcase name="postJira" time="0.0" classname="qaclickacademy.RESTAPITest"/>
  <testcase name="BrowserAUtomation" time="0.016" classname="qaclickacademy.SeleniumTest"/>
  <testcase name="elementsUi" time="0.0" classname="qaclickacademy.SeleniumTest"/>
</testsuite> <!-- Command line test -->
